Date/Time:       2026-05-20 21:05:33 
Command line:    C:\Users\Assane SYLLA\AppData\Local\Python\pythoncore-3.14-64\Lib\site-packages\briefcase\__main__.py create android

OS Release:      Windows 10
OS Version:      10.0.19045
Architecture:    AMD64
Platform:        Windows-10-10.0.19045-SP0

Python exe:      C:\Users\Assane SYLLA\AppData\Local\Python\pythoncore-3.14-64\python.exe
Python version:  3.14.4 (tags/v3.14.4:23116f9, Apr  7 2026, 14:10:54) [MSC v.1944 64 bit (AMD64)]
Virtual env:     False
Conda env:       False

Briefcase:       0.4.2
Target platform: android
Target format:   gradle

Environment Variables:
	ALLUSERSPROFILE=C:\ProgramData
	APPDATA=C:\Users\Assane SYLLA\AppData\Roaming
	BRIEFCASE_HOME=C:\Briefcase
	CHROME_CRASHPAD_PIPE_NAME=\\.\pipe\crashpad_3028_WWSANNXIUHYRYVTF
	CODEIUM_EDITOR_APP_ROOT=c:\Users\Assane SYLLA\AppData\Local\Programs\Windsurf\resources\app
	COMMONPROGRAMFILES=C:\Program Files\Common Files
	COMMONPROGRAMFILES(X86)=C:\Program Files (x86)\Common Files
	COMMONPROGRAMW6432=C:\Program Files\Common Files
	COMPUTERNAME=DESKTOP-KCMD1ND
	COMSPEC=C:\Windows\system32\cmd.exe
	DRIVERDATA=C:\Windows\System32\Drivers\DriverData
	ELECTRON_RUN_AS_NODE=1
	HOMEDRIVE=C:
	HOMEPATH=\Users\Assane SYLLA
	LOCALAPPDATA=C:\Users\Assane SYLLA\AppData\Local
	LOGONSERVER=\\DESKTOP-KCMD1ND
	NUMBER_OF_PROCESSORS=8
	ONEDRIVE=C:\Users\Assane SYLLA\OneDrive
	ONEDRIVECONSUMER=C:\Users\Assane SYLLA\OneDrive
	OS=Windows_NT
	PATH=C:\Users\Assane SYLLA\AppData\Local\Programs\Windsurf;C:\Windows\system32;C:\Windows;C:\Windows\System32\Wbem;C:\Windows\System32\WindowsPowerShell\v1.0\;C:\Windows\System32\OpenSSH\;C:\Program Files\dotnet\;C:\Users\Assane SYLLA\AppData\Local\Microsoft\WindowsApps;C:\Users\Assane SYLLA\AppData\Local\Programs\Windsurf\bin;C:\Users\Assane SYLLA\.dotnet\tools;C:\Users\Assane SYLLA\AppData\Local\Python\bin
	PATHEXT=.COM;.EXE;.BAT;.CMD;.VBS;.VBE;.JS;.JSE;.WSF;.WSH;.MSC;.CPL
	PROCESSOR_ARCHITECTURE=AMD64
	PROCESSOR_IDENTIFIER=AMD64 Family 23 Model 17 Stepping 0, AuthenticAMD
	PROCESSOR_LEVEL=23
	PROCESSOR_REVISION=1100
	PROGRAMDATA=C:\ProgramData
	PROGRAMFILES=C:\Program Files
	PROGRAMFILES(X86)=C:\Program Files (x86)
	PROGRAMW6432=C:\Program Files
	PSMODULEPATH=C:\Users\Assane SYLLA\Documents\WindowsPowerShell\Modules;C:\Program Files\WindowsPowerShell\Modules;C:\Windows\system32\WindowsPowerShell\v1.0\Modules
	PUBLIC=C:\Users\Public
	SESSIONNAME=Console
	SYSTEMDRIVE=C:
	SYSTEMROOT=C:\Windows
	TEMP=C:\Users\ASSANE~1\AppData\Local\Temp
	TMP=C:\Users\ASSANE~1\AppData\Local\Temp
	USERDOMAIN=DESKTOP-KCMD1ND
	USERDOMAIN_ROAMINGPROFILE=DESKTOP-KCMD1ND
	USERNAME=Assane SYLLA
	USERPROFILE=C:\Users\Assane SYLLA
	VSCODE_CODE_CACHE_PATH=C:\Users\Assane SYLLA\AppData\Roaming\Windsurf\CachedData\a5d3f1ff990cabc0e8001cce6642bdb7ad429e73
	VSCODE_CRASH_REPORTER_PROCESS_TYPE=extensionHost
	VSCODE_CWD=C:\Users\Assane SYLLA\AppData\Local\Programs\Windsurf
	VSCODE_ESM_ENTRYPOINT=vs/workbench/api/node/extensionHostProcess
	VSCODE_HANDLES_UNCAUGHT_ERRORS=true
	VSCODE_IPC_HOOK=\\.\pipe\251e8ff1-1.110.1-main-sock
	VSCODE_L10N_BUNDLE_LOCATION=
	VSCODE_NLS_CONFIG={"userLocale":"en-us","osLocale":"fr-sn","resolvedLanguage":"en","defaultMessagesFile":"C:\\Users\\Assane SYLLA\\AppData\\Local\\Programs\\Windsurf\\resources\\app\\out\\nls.messages.json","locale":"en-us","availableLanguages":{}}
	VSCODE_PID=3028
	WINDIR=C:\Windows
	WINDSURF_CSRF_TOKEN=********************

pyproject.toml:
[tool.briefcase]
project_name = "Salon Coifure"
bundle = "org.housefade"
version = "1.0.0"
description = "Gestion de salon de coiffure avec cartes NFC"
url = "https://github.com/housefade/salon-coifure"
author = "House Fade"
author_email = "info@housefade.com"
license = "MIT"

[tool.briefcase.app.saloncoifure]
formal_name = "Salon Coifure"
description = "Gestion de salon de coiffure avec cartes NFC"
icon = "resources/icon"
sources = ["src/saloncoifure"]
test_sources = ["tests"]
requires = [
    "kivy==2.0.0",
    "python-dateutil==2.8.2",
]

Briefcase Log:
[21:05:32]                                                                                                                                                            __main__.py:42
           Briefcase requires git, but it is not installed (or is not on your PATH). Visit:                                                                           __main__.py:43
                                                                                                                                                                      __main__.py:43
               https://git-scm.com/                                                                                                                                   __main__.py:43
                                                                                                                                                                      __main__.py:43
           to download and install git manually.                                                                                                                      __main__.py:43
                                                                                                                                                                      __main__.py:43
           If you have installed git recently and are still getting this error, you may                                                                               __main__.py:43
           need to restart your terminal session.                                                                                                                     __main__.py:43
           Saving log... started                                                                                                                                      console.py:543

Main thread traceback:
┌─────────────────────────────────────────────────────────────────────── Traceback (most recent call last) ────────────────────────────────────────────────────────────────────────┐
│ C:\Users\Assane SYLLA\AppData\Local\Python\pythoncore-3.14-64\Lib\site-packages\git\__init__.py:296 in <module>                                                                  │
│                                                                                                                                                                                  │
│   293                                                                                                                                                                            │
│   294                                                                                                                                                                            │
│   295 try:                                                                                                                                                                       │
│ > 296 │   refresh()                                                                                                                                                              │
│   297 except Exception as _exc:                                                                                                                                                  │
│   298 │   raise ImportError("Failed to initialize: {0}".format(_exc)) from _exc                                                                                                  │
│   299                                                                                                                                                                            │
│                                                                                                                                                                                  │
│ ┌───────────────────────────────────────────────────────────────────────────── locals ─────────────────────────────────────────────────────────────────────────────┐             │
│ │           cmd = <module 'git.cmd' from 'C:\\Users\\Assane SYLLA\\AppData\\Local\\Python\\pythoncore-3.14-64\\Lib\\site-packages\\git\\cmd.py'>                   │             │
│ │        compat = <module 'git.compat' from 'C:\\Users\\Assane SYLLA\\AppData\\Local\\Python\\pythoncore-3.14-64\\Lib\\site-packages\\git\\compat.py'>             │             │
│ │        config = <module 'git.config' from 'C:\\Users\\Assane SYLLA\\AppData\\Local\\Python\\pythoncore-3.14-64\\Lib\\site-packages\\git\\config.py'>             │             │
│ │            db = <module 'git.db' from 'C:\\Users\\Assane SYLLA\\AppData\\Local\\Python\\pythoncore-3.14-64\\Lib\\site-packages\\git\\db.py'>                     │             │
│ │          diff = <module 'git.diff' from 'C:\\Users\\Assane SYLLA\\AppData\\Local\\Python\\pythoncore-3.14-64\\Lib\\site-packages\\git\\diff.py'>                 │             │
│ │           exc = <module 'git.exc' from 'C:\\Users\\Assane SYLLA\\AppData\\Local\\Python\\pythoncore-3.14-64\\Lib\\site-packages\\git\\exc.py'>                   │             │
│ │        GIT_OK = False                                                                                                                                            │             │
│ │         INDEX = <DiffConstants.INDEX: 2>                                                                                                                         │             │
│ │         index = <module 'git.index' from 'C:\\Users\\Assane SYLLA\\AppData\\Local\\Python\\pythoncore-3.14-64\\Lib\\site-packages\\git\\index\\__init__.py'>     │             │
│ │          List = typing.List                                                                                                                                      │             │
│ │     NULL_TREE = <DiffConstants.NULL_TREE: 1>                                                                                                                     │             │
│ │       objects = <module 'git.objects' from 'C:\\Users\\Assane SYLLA\\AppData\\Local\\Python\\pythoncore-3.14-64\\Lib\\site-packages\\git\\objects\\__init__.py'> │             │
│ │      Optional = typing.Optional                                                                                                                                  │             │
│ │      PathLike = str | ForwardRef('os.PathLike[str]')                                                                                                             │             │
│ │          refs = <module 'git.refs' from 'C:\\Users\\Assane SYLLA\\AppData\\Local\\Python\\pythoncore-3.14-64\\Lib\\site-packages\\git\\refs\\__init__.py'>       │             │
│ │        remote = <module 'git.remote' from 'C:\\Users\\Assane SYLLA\\AppData\\Local\\Python\\pythoncore-3.14-64\\Lib\\site-packages\\git\\remote.py'>             │             │
│ │          repo = <module 'git.repo' from 'C:\\Users\\Assane SYLLA\\AppData\\Local\\Python\\pythoncore-3.14-64\\Lib\\site-packages\\git\\repo\\__init__.py'>       │             │
│ │      Sequence = typing.Sequence                                                                                                                                  │             │
│ │         Tuple = typing.Tuple                                                                                                                                     │             │
│ │ TYPE_CHECKING = False                                                                                                                                            │             │
│ │         types = <module 'git.types' from 'C:\\Users\\Assane SYLLA\\AppData\\Local\\Python\\pythoncore-3.14-64\\Lib\\site-packages\\git\\types.py'>               │             │
│ │      warnings = <module 'warnings' from 'C:\\Users\\Assane SYLLA\\AppData\\Local\\Python\\pythoncore-3.14-64\\Lib\\warnings.py'>                                 │             │
│ └──────────────────────────────────────────────────────────────────────────────────────────────────────────────────────────────────────────────────────────────────┘             │
│                                                                                                                                                                                  │
│ C:\Users\Assane SYLLA\AppData\Local\Python\pythoncore-3.14-64\Lib\site-packages\git\__init__.py:287 in refresh                                                                   │
│                                                                                                                                                                                  │
│   284 │   global GIT_OK                                                                        ┌── locals ───┐                                                                   │
│   285 │   GIT_OK = False                                                                       │ path = None │                                                                   │
│   286 │                                                                                        └─────────────┘                                                                   │
│ > 287 │   if not Git.refresh(path=path):                                                                                                                                         │
│   288 │   │   return                                                                                                                                                             │
│   289 │   if not FetchInfo.refresh():  # noqa: F405                                                                                                                              │
│   290 │   │   return  # type: ignore[unreachable]                                                                                                                                │
│                                                                                                                                                                                  │
│ C:\Users\Assane SYLLA\AppData\Local\Python\pythoncore-3.14-64\Lib\site-packages\git\cmd.py:864 in refresh                                                                        │
│                                                                                                                                                                                  │
│    861 │   │   │   │   │   if mode in warn:                                                                                                                                      │
│    862 │   │   │   │   │   │   _logger.critical(err)                                                                                                                             │
│    863 │   │   │   │   │   else:                                                                                                                                                 │
│ >  864 │   │   │   │   │   │   raise ImportError(err)                                                                                                                            │
│    865 │   │   │   │   else:                                                                                                                                                     │
│    866 │   │   │   │   │   err = dedent(                                                                                                                                         │
│    867 │   │   │   │   │   │   """\                                                                                                                                              │
│                                                                                                                                                                                  │
│ ┌────────────────────────────────────────────────── locals ───────────────────────────────────────────────────┐                                                                  │
│ │               err = 'Bad git executable.\nThe git executable must be specified in one of the following'+633 │                                                                  │
│ │             error = ['error', 'e', 'exception', 'raise', 'r', '2']                                          │                                                                  │
│ │           has_git = False                                                                                   │                                                                  │
│ │              mode = 'raise'                                                                                 │                                                                  │
│ │           new_git = 'git'                                                                                   │                                                                  │
│ │           old_git = None                                                                                    │                                                                  │
│ │ old_refresh_token = <object object at 0x00000191B49A1E40>                                                   │                                                                  │
│ │              path = None                                                                                    │                                                                  │
│ │             quiet = ['quiet', 'q', 'silence', 's', 'silent', 'none', 'n', '0']                              │                                                                  │
│ │              warn = ['warn', 'w', 'warning', 'log', 'l', '1']                                               │                                                                  │
│ └─────────────────────────────────────────────────────────────────────────────────────────────────────────────┘                                                                  │
└──────────────────────────────────────────────────────────────────────────────────────────────────────────────────────────────────────────────────────────────────────────────────┘
ImportError: Bad git executable.
The git executable must be specified in one of the following ways:
    - be included in your $PATH
    - be set via $GIT_PYTHON_GIT_EXECUTABLE
    - explicitly set via git.refresh(<full-path-to-git-executable>)

All git commands will error until this is rectified.

This initial message can be silenced or aggravated in the future by setting the
$GIT_PYTHON_REFRESH environment variable. Use one of the following values:
    - quiet|q|silence|s|silent|none|n|0: for no message or exception
    - warn|w|warning|log|l|1: for a warning message (logging level CRITICAL, displayed by default)
    - error|e|exception|raise|r|2: for a raised exception

Example:
    export GIT_PYTHON_REFRESH=quiet


The above exception was the direct cause of the following exception:

┌─────────────────────────────────────────────────────────────────────── Traceback (most recent call last) ────────────────────────────────────────────────────────────────────────┐
│ C:\Users\Assane SYLLA\AppData\Local\Python\pythoncore-3.14-64\Lib\site-packages\briefcase\integrations\git.py:40 in verify_install                                               │
│                                                                                                                                                                                  │
│   37 │   │                                                                                    ┌─────────────────────────────────── locals ────────────────────────────────────┐  │
│   38 │   │   # Check whether the git executable could be imported.                            │ kwargs = {'app': None}                                                        │  │
│   39 │   │   try:                                                                             │  tools = <briefcase.integrations.base.ToolCache object at 0x00000191B8B36510> │  │
│ > 40 │   │   │   import git                                                                   └───────────────────────────────────────────────────────────────────────────────┘  │
│   41 │   │   except ImportError as e:  # pragma: no cover                                                                                                                        │
│   42 │   │   │   # macOS provides git as part of the Xcode command line tools,                                                                                                   │
│   43 │   │   │   # and also hijacks /usr/bin/git with a trigger that prompts the                                                                                                 │
│                                                                                                                                                                                  │
│ C:\Users\Assane SYLLA\AppData\Local\Python\pythoncore-3.14-64\Lib\site-packages\git\__init__.py:298 in <module>                                                                  │
│                                                                                                                                                                                  │
│   295 try:                                                                                                                                                                       │
│   296 │   refresh()                                                                                                                                                              │
│   297 except Exception as _exc:                                                                                                                                                  │
│ > 298 │   raise ImportError("Failed to initialize: {0}".format(_exc)) from _exc                                                                                                  │
│   299                                                                                                                                                                            │
│   300 # } END initialize git executable path                                                                                                                                     │
│   301                                                                                                                                                                            │
│                                                                                                                                                                                  │
│ ┌───────────────────────────────────────────────────────────────────────────── locals ─────────────────────────────────────────────────────────────────────────────┐             │
│ │           cmd = <module 'git.cmd' from 'C:\\Users\\Assane SYLLA\\AppData\\Local\\Python\\pythoncore-3.14-64\\Lib\\site-packages\\git\\cmd.py'>                   │             │
│ │        compat = <module 'git.compat' from 'C:\\Users\\Assane SYLLA\\AppData\\Local\\Python\\pythoncore-3.14-64\\Lib\\site-packages\\git\\compat.py'>             │             │
│ │        config = <module 'git.config' from 'C:\\Users\\Assane SYLLA\\AppData\\Local\\Python\\pythoncore-3.14-64\\Lib\\site-packages\\git\\config.py'>             │             │
│ │            db = <module 'git.db' from 'C:\\Users\\Assane SYLLA\\AppData\\Local\\Python\\pythoncore-3.14-64\\Lib\\site-packages\\git\\db.py'>                     │             │
│ │          diff = <module 'git.diff' from 'C:\\Users\\Assane SYLLA\\AppData\\Local\\Python\\pythoncore-3.14-64\\Lib\\site-packages\\git\\diff.py'>                 │             │
│ │           exc = <module 'git.exc' from 'C:\\Users\\Assane SYLLA\\AppData\\Local\\Python\\pythoncore-3.14-64\\Lib\\site-packages\\git\\exc.py'>                   │             │
│ │        GIT_OK = False                                                                                                                                            │             │
│ │         INDEX = <DiffConstants.INDEX: 2>                                                                                                                         │             │
│ │         index = <module 'git.index' from 'C:\\Users\\Assane SYLLA\\AppData\\Local\\Python\\pythoncore-3.14-64\\Lib\\site-packages\\git\\index\\__init__.py'>     │             │
│ │          List = typing.List                                                                                                                                      │             │
│ │     NULL_TREE = <DiffConstants.NULL_TREE: 1>                                                                                                                     │             │
│ │       objects = <module 'git.objects' from 'C:\\Users\\Assane SYLLA\\AppData\\Local\\Python\\pythoncore-3.14-64\\Lib\\site-packages\\git\\objects\\__init__.py'> │             │
│ │      Optional = typing.Optional                                                                                                                                  │             │
│ │      PathLike = str | ForwardRef('os.PathLike[str]')                                                                                                             │             │
│ │          refs = <module 'git.refs' from 'C:\\Users\\Assane SYLLA\\AppData\\Local\\Python\\pythoncore-3.14-64\\Lib\\site-packages\\git\\refs\\__init__.py'>       │             │
│ │        remote = <module 'git.remote' from 'C:\\Users\\Assane SYLLA\\AppData\\Local\\Python\\pythoncore-3.14-64\\Lib\\site-packages\\git\\remote.py'>             │             │
│ │          repo = <module 'git.repo' from 'C:\\Users\\Assane SYLLA\\AppData\\Local\\Python\\pythoncore-3.14-64\\Lib\\site-packages\\git\\repo\\__init__.py'>       │             │
│ │      Sequence = typing.Sequence                                                                                                                                  │             │
│ │         Tuple = typing.Tuple                                                                                                                                     │             │
│ │ TYPE_CHECKING = False                                                                                                                                            │             │
│ │         types = <module 'git.types' from 'C:\\Users\\Assane SYLLA\\AppData\\Local\\Python\\pythoncore-3.14-64\\Lib\\site-packages\\git\\types.py'>               │             │
│ │      warnings = <module 'warnings' from 'C:\\Users\\Assane SYLLA\\AppData\\Local\\Python\\pythoncore-3.14-64\\Lib\\warnings.py'>                                 │             │
│ └──────────────────────────────────────────────────────────────────────────────────────────────────────────────────────────────────────────────────────────────────┘             │
└──────────────────────────────────────────────────────────────────────────────────────────────────────────────────────────────────────────────────────────────────────────────────┘
ImportError: Failed to initialize: Bad git executable.
The git executable must be specified in one of the following ways:
    - be included in your $PATH
    - be set via $GIT_PYTHON_GIT_EXECUTABLE
    - explicitly set via git.refresh(<full-path-to-git-executable>)

All git commands will error until this is rectified.

This initial message can be silenced or aggravated in the future by setting the
$GIT_PYTHON_REFRESH environment variable. Use one of the following values:
    - quiet|q|silence|s|silent|none|n|0: for no message or exception
    - warn|w|warning|log|l|1: for a warning message (logging level CRITICAL, displayed by default)
    - error|e|exception|raise|r|2: for a raised exception

Example:
    export GIT_PYTHON_REFRESH=quiet


The above exception was the direct cause of the following exception:

┌─────────────────────────────────────────────────────────────────────── Traceback (most recent call last) ────────────────────────────────────────────────────────────────────────┐
│ C:\Users\Assane SYLLA\AppData\Local\Python\pythoncore-3.14-64\Lib\site-packages\briefcase\__main__.py:27 in main                                                                 │
│                                                                                                                                                                                  │
│   24 │   │   │   Path.cwd() / "pyproject.toml",                                                                                                                                  │
│   25 │   │   │   overrides=overrides,                                                                                                                                            │
│   26 │   │   )                                                                                                                                                                   │
│ > 27 │   │   command(**options)                                                                                                                                                  │
│   28 │   except HelpText as e:                                                                                                                                                   │
│   29 │   │   console.info()                                                                                                                                                      │
│   30 │   │   console.info(str(e))                                                                                                                                                │
│                                                                                                                                                                                  │
│ ┌─────────────────────────────────────────────────────────────────────────────────── locals ───────────────────────────────────────────────────────────────────────────────────┐ │
│ │       command = <briefcase.platforms.android.gradle.GradleCreateCommand object at 0x00000191B8B35D30>                                                                        │ │
│ │       console = <briefcase.console.Console object at 0x00000191B8B34590>                                                                                                     │ │
│ │             e = BriefcaseCommandError('Briefcase requires git, but it is not installed (or is not on your PATH). Visit:\n\n    https://git-scm.com/\n\nto download and       │ │
│ │                 install git manually.\n\nIf you have installed git recently and are still getting this error, you may\nneed to restart your terminal session.\n')            │ │
│ │ extra_cmdline = []                                                                                                                                                           │ │
│ │       options = {}                                                                                                                                                           │ │
│ │     overrides = {}                                                                                                                                                           │ │
│ │        result = 200                                                                                                                                                          │ │
│ └──────────────────────────────────────────────────────────────────────────────────────────────────────────────────────────────────────────────────────────────────────────────┘ │
│                                                                                                                                                                                  │
│ C:\Users\Assane SYLLA\AppData\Local\Python\pythoncore-3.14-64\Lib\site-packages\briefcase\commands\create.py:1043 in __call__                                                    │
│                                                                                                                                                                                  │
│   1040 │   │                                                                                                                                                                     │
│   1041 │   │   # Confirm host compatibility, that all required tools are available,                                                                                              │
│   1042 │   │   # and finalize configurations for the apps that will be created.                                                                                                  │
│ > 1043 │   │   finalized_apps = self.finalize(apps=apps_to_create.values())                                                                                                      │
│   1044 │   │                                                                                                                                                                     │
│   1045 │   │   state = None                                                                                                                                                      │
│   1046 │   │   for _, app_obj in sorted(finalized_apps.items()):                                                                                                                 │
│                                                                                                                                                                                  │
│ ┌──────────────────────────────────────────────── locals ────────────────────────────────────────────────┐                                                                       │
│ │            app = None                                                                                  │                                                                       │
│ │       app_name = None                                                                                  │                                                                       │
│ │ apps_to_create = {'saloncoifure': <org.housefade.saloncoifure v1.0.0 DraftAppConfig>}                  │                                                                       │
│ │        options = {}                                                                                    │                                                                       │
│ │           self = <briefcase.platforms.android.gradle.GradleCreateCommand object at 0x00000191B8B35D30> │                                                                       │
│ └────────────────────────────────────────────────────────────────────────────────────────────────────────┘                                                                       │
│                                                                                                                                                                                  │
│ C:\Users\Assane SYLLA\AppData\Local\Python\pythoncore-3.14-64\Lib\site-packages\briefcase\commands\base.py:752 in finalize                                                       │
│                                                                                                                                                                                  │
│    749 │   │   :returns: A dict mapping app name to finalized app configs.                                                                                                       │
│    750 │   │   """                                                                                                                                                               │
│    751 │   │   self.verify_host()                                                                                                                                                │
│ >  752 │   │   self.verify_tools()                                                                                                                                               │
│    753 │   │                                                                                                                                                                     │
│    754 │   │   finalized: dict[str, FinalizedAppConfig] = {}                                                                                                                     │
│    755 │   │   for app in apps:                                                                                                                                                  │
│                                                                                                                                                                                  │
│ ┌─────────────────────────────────────────────── locals ────────────────────────────────────────────────┐                                                                        │
│ │          apps = dict_values([<org.housefade.saloncoifure v1.0.0 DraftAppConfig>])                     │                                                                        │
│ │      debugger = None                                                                                  │                                                                        │
│ │ debugger_host = None                                                                                  │                                                                        │
│ │ debugger_port = None                                                                                  │                                                                        │
│ │          self = <briefcase.platforms.android.gradle.GradleCreateCommand object at 0x00000191B8B35D30> │                                                                        │
│ │     test_mode = False                                                                                 │                                                                        │
│ └───────────────────────────────────────────────────────────────────────────────────────────────────────┘                                                                        │
│                                                                                                                                                                                  │
│ C:\Users\Assane SYLLA\AppData\Local\Python\pythoncore-3.14-64\Lib\site-packages\briefcase\platforms\android\gradle.py:160 in verify_tools                                        │
│                                                                                                                                                                                  │
│   157 │   def verify_tools(self):                                                                                                                                                │
│   158 │   │   """Verify that the Android APK tools in `briefcase` will operate on this system,                                                                                   │
│   159 │   │   downloading tools as needed."""                                                                                                                                    │
│ > 160 │   │   super().verify_tools()                                                                                                                                             │
│   161 │   │   AndroidSDK.verify(tools=self.tools)                                                                                                                                │
│   162 │   │   if not self.is_clone:                                                                                                                                              │
│   163 │   │   │   self.console.add_log_file_extra(self.tools.android_sdk.list_packages)                                                                                          │
│                                                                                                                                                                                  │
│ ┌─────────────────────────────────────────── locals ───────────────────────────────────────────┐                                                                                 │
│ │ self = <briefcase.platforms.android.gradle.GradleCreateCommand object at 0x00000191B8B35D30> │                                                                                 │
│ └──────────────────────────────────────────────────────────────────────────────────────────────┘                                                                                 │
│                                                                                                                                                                                  │
│ C:\Users\Assane SYLLA\AppData\Local\Python\pythoncore-3.14-64\Lib\site-packages\briefcase\commands\create.py:1026 in verify_tools                                                │
│                                                                                                                                                                                  │
│   1023 │   │   Raises MissingToolException if a required system tool is missing.                                                                                                 │
│   1024 │   │   """                                                                                                                                                               │
│   1025 │   │   super().verify_tools()                                                                                                                                            │
│ > 1026 │   │   Git.verify(tools=self.tools)                                                                                                                                      │
│   1027 │                                                                                                                                                                         │
│   1028 │   def verify_app_tools(self, app: FinalizedAppConfig):                                                                                                                  │
│   1029 │   │   """Verify that tools needed to run the command for this app exist."""                                                                                             │
│                                                                                                                                                                                  │
│ ┌─────────────────────────────────────────── locals ───────────────────────────────────────────┐                                                                                 │
│ │ self = <briefcase.platforms.android.gradle.GradleCreateCommand object at 0x00000191B8B35D30> │                                                                                 │
│ └──────────────────────────────────────────────────────────────────────────────────────────────┘                                                                                 │
│                                                                                                                                                                                  │
│ C:\Users\Assane SYLLA\AppData\Local\Python\pythoncore-3.14-64\Lib\site-packages\briefcase\integrations\base.py:79 in verify                                                      │
│                                                                                                                                                                                  │
│    76 │   ) -> ToolT:                                                                          ┌─────────────────────────────────── locals ────────────────────────────────────┐ │
│    77 │   │   """Confirm the tool is available and usable on the host platform."""             │    app = None                                                                 │ │
│    78 │   │   cls.verify_host(tools=tools)                                                     │ kwargs = {}                                                                   │ │
│ >  79 │   │   tool = cls.verify_install(tools=tools, app=app, **kwargs)                        │  tools = <briefcase.integrations.base.ToolCache object at 0x00000191B8B36510> │ │
│    80 │   │   return tool                                                                      └───────────────────────────────────────────────────────────────────────────────┘ │
│    81 │                                                                                                                                                                          │
│    82 │   @classmethod                                                                                                                                                           │
│                                                                                                                                                                                  │
│ C:\Users\Assane SYLLA\AppData\Local\Python\pythoncore-3.14-64\Lib\site-packages\briefcase\integrations\git.py:65 in verify_install                                               │
│                                                                                                                                                                                  │
│   62 │   │   │   │   ) from e                                                                 ┌─────────────────────────────────── locals ────────────────────────────────────┐  │
│   63 │   │   │                                                                                │ kwargs = {'app': None}                                                        │  │
│   64 │   │   │   else:                                                                        │  tools = <briefcase.integrations.base.ToolCache object at 0x00000191B8B36510> │  │
│ > 65 │   │   │   │   raise BriefcaseCommandError(                                             └───────────────────────────────────────────────────────────────────────────────┘  │
│   66 │   │   │   │   │   f"""\                                                                                                                                                   │
│   67 Briefcase requires git, but it is not installed (or is not on your PATH). Visit:                                                                                            │
│   68                                                                                                                                                                             │
└──────────────────────────────────────────────────────────────────────────────────────────────────────────────────────────────────────────────────────────────────────────────────┘
BriefcaseCommandError: Briefcase requires git, but it is not installed (or is not on your PATH). Visit:

    https://git-scm.com/

to download and install git manually.

If you have installed git recently and are still getting this error, you may
need to restart your terminal session.

